<?xml version="1.0" encoding="UTF-8"?>
<!-- Generated by org.testng.reporters.JUnitXMLReporter -->
<testsuite ignored="0" hostname="LAPTOP-TINQNFE1" failures="0" tests="1" name="Test2" time="0.023" errors="0" timestamp="2022-11-11T17:55:27 EST">
  <testcase classname="com.nopcommerce.testcases.Base" name="@BeforeClass setUp" time="0.012">
    <failure type="java.lang.IllegalStateException" message="The driver executable must exist: C:\Users\kiran\eclipse-workspace\nopCommerce\.\Drivers\edgedriver.exe">
      <![CDATA[java.lang.IllegalStateException: The driver executable must exist: C:\Users\kiran\eclipse-workspace\nopCommerce\.\Drivers\edgedriver.exe
at org.openqa.selenium.internal.Require$FileStateChecker.isFile(Require.java:345)
at org.openqa.selenium.remote.service.DriverService.checkExecutable(DriverService.java:160)
at org.openqa.selenium.remote.service.DriverService.findExecutable(DriverService.java:155)
at org.openqa.selenium.edge.EdgeDriverService.access$000(EdgeDriverService.java:40)
at org.openqa.selenium.edge.EdgeDriverService$Builder.findDefaultExecutable(EdgeDriverService.java:190)
at org.openqa.selenium.remote.service.DriverService$Builder.build(DriverService.java:450)
at org.openqa.selenium.edge.EdgeDriver.<init>(EdgeDriver.java:46)
at org.openqa.selenium.edge.EdgeDriver.<init>(EdgeDriver.java:42)
at com.nopcommerce.testcases.Base.setUp(Base.java:52)
at java.base/java.util.ArrayList.forEach(ArrayList.java:1511)
... Removed 25 stack frames]]>
    </failure>
  </testcase> <!-- @BeforeClass setUp -->
  <testcase classname="com.nopcommerce.testcases.LoginTest" name="callMethods" time="0.0">
    <skipped/>
  </testcase> <!-- callMethods -->
</testsuite> <!-- Test2 -->
