<?xml version="1.0" encoding="UTF-8"?>
<testng-results ignored="0" total="1" passed="1" failed="0" skipped="0">
  <reporter-output>
  </reporter-output>
  <suite started-at="2022-11-17T15:07:20 EST" name="nopcommerce" finished-at="2022-11-17T15:07:28 EST" duration-ms="7639">
    <groups>
    </groups>
    <test started-at="2022-11-17T15:07:20 EST" name="Test1" finished-at="2022-11-17T15:07:28 EST" duration-ms="7639">
      <class name="com.nopcommerce.testcases.TC_LoginTest_001">
        <test-method is-config="true" signature="setUp(java.lang.String)[pri:0, instance:com.nopcommerce.testcases.TC_LoginTest_001@20140db9]" started-at="2022-11-17T15:07:21 EST" name="setUp" finished-at="2022-11-17T15:07:24 EST" duration-ms="2640" status="PASS">
          <params>
            <param index="0">
              <value>
                <![CDATA[chrome]]>
              </value>
            </param>
          </params>
          <reporter-output>
          </reporter-output>
        </test-method> <!-- setUp -->
        <test-method signature="logintest()[pri:0, instance:com.nopcommerce.testcases.TC_LoginTest_001@20140db9]" started-at="2022-11-17T15:07:24 EST" name="logintest" finished-at="2022-11-17T15:07:28 EST" duration-ms="4459" status="PASS">
          <reporter-output>
          </reporter-output>
        </test-method> <!-- logintest -->
      </class> <!-- com.nopcommerce.testcases.TC_LoginTest_001 -->
    </test> <!-- Test1 -->
  </suite> <!-- nopcommerce -->
</testng-results>
